<?xml version="1.0" encoding="UTF-8"?>
<!-- Generated by org.testng.reporters.JUnitXMLReporter -->
<testsuite ignored="1" hostname="MacBook-Pro-Ann.local" failures="0" tests="1" name="Test" time="16.526" errors="0" timestamp="2023-08-13T11:07:25 IDT">
  <testcase classname="com.qa.tests.ProductTests" name="validateProductOnProductDetailsPage" time="11.576"/>
  <testcase classname="com.qa.tests.ProductTests" name="validateProductOnProductsPage" time="0.0">
    <ignored/>
  </testcase> <!-- validateProductOnProductsPage -->
</testsuite> <!-- Test -->
