<?xml version="1.0" encoding="UTF-8"?>
<!-- Generated by org.testng.reporters.JUnitXMLReporter -->
<testsuite ignored="0" hostname="MacBook-Pro-Ann.local" failures="0" tests="3" name="Pixel_5" time="87.051" errors="0" timestamp="2023-08-16T15:40:04 IDT">
  <testcase classname="com.qa.tests.LoginTests" name="invalidPassword" time="7.129"/>
  <testcase classname="com.qa.tests.LoginTests" name="invalidUserName" time="6.969"/>
  <testcase classname="com.qa.tests.LoginTests" name="successfulLogin" time="7.277"/>
</testsuite> <!-- Pixel_5 -->
