<?xml version="1.0" encoding="UTF-8"?>
<testsuite xmlns:xsi="http://www.w3.org/2001/XMLSchema-instance" xsi:noNamespaceSchemaLocation="https://maven.apache.org/surefire/maven-surefire-plugin/xsd/surefire-test-report-3.0.xsd" version="3.0" name="TestSuite" time="96.074" tests="3" errors="0" skipped="0" failures="0">
  <properties>
[...]
</properties>
  <testcase name="invalidPassword" classname="com.qa.tests.LoginTests" time="7.134">
    <system-out><![CDATA[&amp#27;[35m[Appium]&amp#27;[39m Welcome to Appium v2.0.1 (REV b8b46501e4caa1cad75b30627c123127ab09a6a7)
&amp#27;[35m[Appium]&amp#27;[39m Non-default server args:
&amp#27;[35m[Appium]&amp#27;[39m { sessionOverride: &amp#27;[33mtrue&amp#27;[39m }
&amp#27;[35m[Appium]&amp#27;[39m Attempting to load driver uiautomator2...
[debug] &amp#27;[35m[Appium]&amp#27;[39m Requiring driver at /Users/annprodous/node_modules/appium-uiautomator2-driver
&amp#27;[35m[Appium]&amp#27;[39m Attempting to load driver xcuitest...
[debug] &amp#27;[35m[Appium]&amp#27;[39m Requiring driver at /Users/annprodous/node_modules/appium-xcuitest-driver
&amp#27;[35m[Appium]&amp#27;[39m Appium REST http interface listener started on http://0.0.0.0:4723
&amp#27;[35m[Appium]&amp#27;[39m You can provide the following URLS in your client code to connect to this server:
&amp#27;[35m[Appium]&amp#27;[39m 	http://127.0.0.1:4723/ (only accessible from the same host)
&amp#27;[35m[Appium]&amp#27;[39m 	http://192.168.1.110:4723/
&amp#27;[35m[Appium]&amp#27;[39m Available drivers:
&amp#27;[35m[Appium]&amp#27;[39m   - uiautomator2@2.29.4 (automationName 'UiAutomator2')
&amp#27;[35m[Appium]&amp#27;[39m   - xcuitest@4.33.2 (automationName 'XCUITest')
&amp#27;[35m[Appium]&amp#27;[39m No plugins have been installed. Use the "appium plugin" command to install the one(s) you want to use.
&amp#27;[38;5;0m[HTTP]&amp#27;[0m &amp#27;[37m-->&amp#27;[39m &amp#27;[37mGET&amp#27;[39m &amp#27;[37m/status&amp#27;[39m
&amp#27;[38;5;0m[HTTP]&amp#27;[0m &amp#27;[90m{}&amp#27;[39m
[debug] &amp#27;[38;5;16m[AppiumDriver@27a2]&amp#27;[0m Calling AppiumDriver.getStatus() with args: []
[debug] &amp#27;[38;5;16m[AppiumDriver@27a2]&amp#27;[0m Responding to client with driver.getStatus() result: {"build":{"version":"2.0.1","git-sha":"b8b46501e4caa1cad75b30627c123127ab09a6a7","built":"2023-08-14 14:43:48 +0800"}}
&amp#27;[38;5;0m[HTTP]&amp#27;[0m &amp#27;[37m<-- GET /status &amp#27;[39m&amp#27;[32m200&amp#27;[39m &amp#27;[90m7 ms - 128&amp#27;[39m
&amp#27;[38;5;0m[HTTP]&amp#27;[0m &amp#27;[90m&amp#27;[39m
[INFO ] 2023-08-16 15:38:36.467 com.qa.BaseTest:128 - Appium server started
[INFO ] 2023-08-16 15:38:36.550 com.qa.BaseTest:197 - log path: logs/iOS_iPhone 14 Pro Max
[INFO ] 2023-08-16 15:38:36.590 com.qa.BaseTest:204 - load config.properties
[INFO ] 2023-08-16 15:38:36.594 com.qa.BaseTest:209 - load strings/strings.xml
[INFO ] 2023-08-16 15:38:36.624 com.qa.BaseTest:241 - appUrl is/Users/annprodous/Documents/git/appiumcicd/src/test/resources/app/iOS.Simulator.SauceLabs.Mobile.Sample.app.2.7.1.app
[INFO ] 2023-08-16 15:39:34.288 com.qa.BaseTest:252 - driver initialized: IOSDriver:  on IOS (6baf7d0b-2ea0-4d65-b80b-95d823bcaf63)
[INFO ] 2023-08-16 15:39:37.539 com.qa.tests.LoginTests:65 - 
****** starting test:invalidPassword******

[INFO ] 2023-08-16 15:39:40.458 com.qa.BaseTest:293 - login with standard_user
[INFO ] 2023-08-16 15:39:42.858 com.qa.BaseTest:293 - password is invalidpassword
[INFO ] 2023-08-16 15:39:43.815 com.qa.BaseTest:282 - press login button
[INFO ] 2023-08-16 15:39:45.577 com.qa.BaseTest:313 - error text is - Username and password do not match any user in this service.
]]></system-out>
  </testcase>
  <testcase name="invalidUserName" classname="com.qa.tests.LoginTests" time="6.972">
    <system-out><![CDATA[[INFO ] 2023-08-16 15:39:46.483 com.qa.tests.LoginTests:65 - 
****** starting test:invalidUserName******

[INFO ] 2023-08-16 15:39:48.731 com.qa.BaseTest:293 - login with invalidusername
[INFO ] 2023-08-16 15:39:51.322 com.qa.BaseTest:293 - password is secret_sauce
[INFO ] 2023-08-16 15:39:52.172 com.qa.BaseTest:282 - press login button
[INFO ] 2023-08-16 15:39:53.757 com.qa.BaseTest:313 - error text is - Username and password do not match any user in this service.
]]></system-out>
  </testcase>
  <testcase name="successfulLogin" classname="com.qa.tests.LoginTests" time="7.28">
    <system-out><![CDATA[[INFO ] 2023-08-16 15:39:54.692 com.qa.tests.LoginTests:65 - 
****** starting test:successfulLogin******

[INFO ] 2023-08-16 15:39:56.855 com.qa.BaseTest:293 - login with standard_user
[INFO ] 2023-08-16 15:39:59.234 com.qa.BaseTest:293 - password is secret_sauce
[INFO ] 2023-08-16 15:40:00.088 com.qa.BaseTest:282 - press login button
[INFO ] 2023-08-16 15:40:02.220 com.qa.BaseTest:313 - product page title is - PRODUCTS
]]></system-out>
  </testcase>
</testsuite>