<?xml version="1.0" encoding="UTF-8"?>
<testng-results ignored="0" total="5" passed="0" failed="0" skipped="5">
  <reporter-output>
  </reporter-output>
  <suite started-at="2023-08-16T14:29:29 IDT" name="Suite" finished-at="2023-08-16T14:29:43 IDT" duration-ms="14285">
    <groups>
    </groups>
    <test started-at="2023-08-16T14:29:29 IDT" name="Pixel_5" finished-at="2023-08-16T14:29:43 IDT" duration-ms="14285">
      <class name="com.qa.tests.LoginTests">
        <test-method is-config="true" signature="beforeSuite()[pri:0, instance:com.qa.tests.LoginTests@6a6cb05c]" started-at="2023-08-16T14:29:24 IDT" name="beforeSuite" finished-at="2023-08-16T14:29:29 IDT" duration-ms="4829" status="PASS">
          <reporter-output>
          </reporter-output>
        </test-method> <!-- beforeSuite -->
        <test-method is-config="true" signature="beforeTest(java.lang.String,java.lang.String,java.lang.String,java.lang.String,java.lang.String,java.lang.String,java.lang.String,java.lang.String)[pri:0, instance:com.qa.tests.LoginTests@6a6cb05c]" started-at="2023-08-16T14:29:29 IDT" name="beforeTest" finished-at="2023-08-16T14:29:36 IDT" duration-ms="7801" status="PASS">
          <params>
            <param index="0">
              <value>
                <![CDATA[androidOnly]]>
              </value>
            </param>
            <param index="1">
              <value>
                <![CDATA[iOS]]>
              </value>
            </param>
            <param index="2">
              <value>
                <![CDATA[90BAEFB6-D016-4D55-B9F4-83EC3ADD3AA3]]>
              </value>
            </param>
            <param index="3">
              <value>
                <![CDATA[iPhone 14 Pro Max]]>
              </value>
            </param>
            <param index="4">
              <value>
                <![CDATA[androidOnly]]>
              </value>
            </param>
            <param index="5">
              <value>
                <![CDATA[androidOnly]]>
              </value>
            </param>
            <param index="6">
              <value>
                <![CDATA[10001]]>
              </value>
            </param>
            <param index="7">
              <value>
                <![CDATA[11001]]>
              </value>
            </param>
          </params>
          <reporter-output>
          </reporter-output>
        </test-method> <!-- beforeTest -->
        <test-method is-config="true" signature="beforeClass()[pri:0, instance:com.qa.tests.LoginTests@6a6cb05c]" started-at="2023-08-16T14:29:36 IDT" name="beforeClass" finished-at="2023-08-16T14:29:39 IDT" duration-ms="2505" status="PASS">
          <reporter-output>
          </reporter-output>
        </test-method> <!-- beforeClass -->
        <test-method is-config="true" signature="beforeMethod()[pri:0, instance:com.qa.tests.LoginTests@6a6cb05c]" started-at="2023-08-16T14:29:39 IDT" name="beforeMethod" finished-at="2023-08-16T14:29:39 IDT" duration-ms="80" status="FAIL">
          <exception class="org.openqa.selenium.WebDriverException">
            <message>
              <![CDATA[An unknown server-side error occurred while processing the command. Original error: 'ffmpeg' binary is not found in PATH. Install it using 'brew install ffmpeg'. Check https://www.ffmpeg.org/download.html for more details.
Build info: version: '4.11.0', revision: '040bc5406b'
System info: os.name: 'Mac OS X', os.arch: 'x86_64', os.version: '10.16', java.version: '15.0.2'
Driver info: io.appium.java_client.ios.IOSDriver
Command: [12fa12ad-ff2d-407e-b426-1bc8ad2b872f, startRecordingScreen {}]
Capabilities {appium:app: /Users/annprodous/TDDFramew..., appium:automationName: XCUITest, appium:bundleId: com.saucelabs.SwagLabsMobil..., appium:databaseEnabled: false, appium:deviceName: iPhone 14 Pro Max, appium:javascriptEnabled: true, appium:locationContextEnabled: false, appium:networkConnectionEnabled: false, appium:takesScreenshot: true, appium:udid: 90BAEFB6-D016-4D55-B9F4-83E..., appium:wdaLocalPort: 10001, appium:webStorageEnabled: false, appium:webkitDebugProxyPort: 11001, platformName: IOS}
Session ID: 12fa12ad-ff2d-407e-b426-1bc8ad2b872f]]>
            </message>
            <full-stacktrace>
              <![CDATA[org.openqa.selenium.WebDriverException: An unknown server-side error occurred while processing the command. Original error: 'ffmpeg' binary is not found in PATH. Install it using 'brew install ffmpeg'. Check https://www.ffmpeg.org/download.html for more details.
Build info: version: '4.11.0', revision: '040bc5406b'
System info: os.name: 'Mac OS X', os.arch: 'x86_64', os.version: '10.16', java.version: '15.0.2'
Driver info: io.appium.java_client.ios.IOSDriver
Command: [12fa12ad-ff2d-407e-b426-1bc8ad2b872f, startRecordingScreen {}]
Capabilities {appium:app: /Users/annprodous/TDDFramew..., appium:automationName: XCUITest, appium:bundleId: com.saucelabs.SwagLabsMobil..., appium:databaseEnabled: false, appium:deviceName: iPhone 14 Pro Max, appium:javascriptEnabled: true, appium:locationContextEnabled: false, appium:networkConnectionEnabled: false, appium:takesScreenshot: true, appium:udid: 90BAEFB6-D016-4D55-B9F4-83E..., appium:wdaLocalPort: 10001, appium:webStorageEnabled: false, appium:webkitDebugProxyPort: 11001, platformName: IOS}
Session ID: 12fa12ad-ff2d-407e-b426-1bc8ad2b872f
at java.base/jdk.internal.reflect.NativeConstructorAccessorImpl.newInstance0(Native Method)
at java.base/jdk.internal.reflect.NativeConstructorAccessorImpl.newInstance(NativeConstructorAccessorImpl.java:64)
at java.base/jdk.internal.reflect.DelegatingConstructorAccessorImpl.newInstance(DelegatingConstructorAccessorImpl.java:45)
at java.base/java.lang.reflect.Constructor.newInstanceWithCaller(Constructor.java:500)
at java.base/java.lang.reflect.Constructor.newInstance(Constructor.java:481)
at org.openqa.selenium.remote.codec.w3c.W3CHttpResponseCodec.createException(W3CHttpResponseCodec.java:200)
at org.openqa.selenium.remote.codec.w3c.W3CHttpResponseCodec.decode(W3CHttpResponseCodec.java:133)
at org.openqa.selenium.remote.codec.w3c.W3CHttpResponseCodec.decode(W3CHttpResponseCodec.java:52)
at org.openqa.selenium.remote.HttpCommandExecutor.execute(HttpCommandExecutor.java:191)
at io.appium.java_client.remote.AppiumCommandExecutor.execute(AppiumCommandExecutor.java:250)
at org.openqa.selenium.remote.RemoteWebDriver.execute(RemoteWebDriver.java:518)
at org.openqa.selenium.remote.RemoteWebDriver.execute(RemoteWebDriver.java:591)
at io.appium.java_client.AppiumDriver.execute(AppiumDriver.java:313)
at io.appium.java_client.screenrecording.CanRecordScreen.startRecordingScreen(CanRecordScreen.java:48)
at com.qa.BaseTest.beforeMethod(BaseTest.java:109)
at java.base/jdk.internal.reflect.NativeMethodAccessorImpl.invoke0(Native Method)
at java.base/jdk.internal.reflect.NativeMethodAccessorImpl.invoke(NativeMethodAccessorImpl.java:64)
at java.base/jdk.internal.reflect.DelegatingMethodAccessorImpl.invoke(DelegatingMethodAccessorImpl.java:43)
at java.base/java.lang.reflect.Method.invoke(Method.java:564)
at org.testng.internal.invokers.MethodInvocationHelper.invokeMethod(MethodInvocationHelper.java:139)
at org.testng.internal.invokers.MethodInvocationHelper.invokeMethodConsideringTimeout(MethodInvocationHelper.java:69)
at org.testng.internal.invokers.ConfigInvoker.invokeConfigurationMethod(ConfigInvoker.java:390)
at org.testng.internal.invokers.ConfigInvoker.invokeConfigurations(ConfigInvoker.java:325)
at org.testng.internal.invokers.TestInvoker.runConfigMethods(TestInvoker.java:810)
at org.testng.internal.invokers.TestInvoker.invokeMethod(TestInvoker.java:577)
at org.testng.internal.invokers.TestInvoker.invokeTestMethod(TestInvoker.java:227)
at org.testng.internal.invokers.MethodRunner.runInSequence(MethodRunner.java:50)
at org.testng.internal.invokers.TestInvoker$MethodInvocationAgent.invoke(TestInvoker.java:957)
at org.testng.internal.invokers.TestInvoker.invokeTestMethods(TestInvoker.java:200)
at org.testng.internal.invokers.TestMethodWorker.invokeTestMethods(TestMethodWorker.java:148)
at org.testng.internal.invokers.TestMethodWorker.run(TestMethodWorker.java:128)
at java.base/java.util.ArrayList.forEach(ArrayList.java:1511)
at org.testng.TestRunner.privateRun(TestRunner.java:848)
at org.testng.TestRunner.run(TestRunner.java:621)
at org.testng.SuiteRunner.runTest(SuiteRunner.java:443)
at org.testng.SuiteRunner.runSequentially(SuiteRunner.java:437)
at org.testng.SuiteRunner.privateRun(SuiteRunner.java:397)
at org.testng.SuiteRunner.run(SuiteRunner.java:336)
at org.testng.SuiteRunnerWorker.runSuite(SuiteRunnerWorker.java:52)
at org.testng.SuiteRunnerWorker.run(SuiteRunnerWorker.java:95)
at org.testng.TestNG.runSuitesSequentially(TestNG.java:1280)
at org.testng.TestNG.runSuitesLocally(TestNG.java:1200)
at org.testng.TestNG.runSuites(TestNG.java:1114)
at org.testng.TestNG.run(TestNG.java:1082)
at org.apache.maven.surefire.testng.TestNGExecutor.run(TestNGExecutor.java:308)
at org.apache.maven.surefire.testng.TestNGXmlTestSuite.execute(TestNGXmlTestSuite.java:71)
at org.apache.maven.surefire.testng.TestNGProvider.invoke(TestNGProvider.java:113)
at org.apache.maven.surefire.booter.ForkedBooter.runSuitesInProcess(ForkedBooter.java:385)
at org.apache.maven.surefire.booter.ForkedBooter.execute(ForkedBooter.java:162)
at org.apache.maven.surefire.booter.ForkedBooter.run(ForkedBooter.java:507)
at org.apache.maven.surefire.booter.ForkedBooter.main(ForkedBooter.java:495)
]]>
            </full-stacktrace>
          </exception> <!-- org.openqa.selenium.WebDriverException -->
          <reporter-output>
          </reporter-output>
        </test-method> <!-- beforeMethod -->
        <test-method is-config="true" signature="beforeMethod(java.lang.reflect.Method)[pri:0, instance:com.qa.tests.LoginTests@6a6cb05c]" started-at="2023-08-16T14:29:39 IDT" name="beforeMethod" finished-at="2023-08-16T14:29:39 IDT" duration-ms="0" status="SKIP">
          <reporter-output>
          </reporter-output>
        </test-method> <!-- beforeMethod -->
        <test-method signature="invalidPassword()[pri:0, instance:com.qa.tests.LoginTests@6a6cb05c]" started-at="2023-08-16T14:29:39 IDT" name="invalidPassword" finished-at="2023-08-16T14:29:39 IDT" duration-ms="0" status="SKIP">
          <exception class="org.openqa.selenium.WebDriverException">
            <message>
              <![CDATA[An unknown server-side error occurred while processing the command. Original error: 'ffmpeg' binary is not found in PATH. Install it using 'brew install ffmpeg'. Check https://www.ffmpeg.org/download.html for more details.
Build info: version: '4.11.0', revision: '040bc5406b'
System info: os.name: 'Mac OS X', os.arch: 'x86_64', os.version: '10.16', java.version: '15.0.2'
Driver info: io.appium.java_client.ios.IOSDriver
Command: [12fa12ad-ff2d-407e-b426-1bc8ad2b872f, startRecordingScreen {}]
Capabilities {appium:app: /Users/annprodous/TDDFramew..., appium:automationName: XCUITest, appium:bundleId: com.saucelabs.SwagLabsMobil..., appium:databaseEnabled: false, appium:deviceName: iPhone 14 Pro Max, appium:javascriptEnabled: true, appium:locationContextEnabled: false, appium:networkConnectionEnabled: false, appium:takesScreenshot: true, appium:udid: 90BAEFB6-D016-4D55-B9F4-83E..., appium:wdaLocalPort: 10001, appium:webStorageEnabled: false, appium:webkitDebugProxyPort: 11001, platformName: IOS}
Session ID: 12fa12ad-ff2d-407e-b426-1bc8ad2b872f]]>
            </message>
            <full-stacktrace>
              <![CDATA[org.openqa.selenium.WebDriverException: An unknown server-side error occurred while processing the command. Original error: 'ffmpeg' binary is not found in PATH. Install it using 'brew install ffmpeg'. Check https://www.ffmpeg.org/download.html for more details.
Build info: version: '4.11.0', revision: '040bc5406b'
System info: os.name: 'Mac OS X', os.arch: 'x86_64', os.version: '10.16', java.version: '15.0.2'
Driver info: io.appium.java_client.ios.IOSDriver
Command: [12fa12ad-ff2d-407e-b426-1bc8ad2b872f, startRecordingScreen {}]
Capabilities {appium:app: /Users/annprodous/TDDFramew..., appium:automationName: XCUITest, appium:bundleId: com.saucelabs.SwagLabsMobil..., appium:databaseEnabled: false, appium:deviceName: iPhone 14 Pro Max, appium:javascriptEnabled: true, appium:locationContextEnabled: false, appium:networkConnectionEnabled: false, appium:takesScreenshot: true, appium:udid: 90BAEFB6-D016-4D55-B9F4-83E..., appium:wdaLocalPort: 10001, appium:webStorageEnabled: false, appium:webkitDebugProxyPort: 11001, platformName: IOS}
Session ID: 12fa12ad-ff2d-407e-b426-1bc8ad2b872f
at java.base/jdk.internal.reflect.NativeConstructorAccessorImpl.newInstance0(Native Method)
at java.base/jdk.internal.reflect.NativeConstructorAccessorImpl.newInstance(NativeConstructorAccessorImpl.java:64)
at java.base/jdk.internal.reflect.DelegatingConstructorAccessorImpl.newInstance(DelegatingConstructorAccessorImpl.java:45)
at java.base/java.lang.reflect.Constructor.newInstanceWithCaller(Constructor.java:500)
at java.base/java.lang.reflect.Constructor.newInstance(Constructor.java:481)
at org.openqa.selenium.remote.codec.w3c.W3CHttpResponseCodec.createException(W3CHttpResponseCodec.java:200)
at org.openqa.selenium.remote.codec.w3c.W3CHttpResponseCodec.decode(W3CHttpResponseCodec.java:133)
at org.openqa.selenium.remote.codec.w3c.W3CHttpResponseCodec.decode(W3CHttpResponseCodec.java:52)
at org.openqa.selenium.remote.HttpCommandExecutor.execute(HttpCommandExecutor.java:191)
at io.appium.java_client.remote.AppiumCommandExecutor.execute(AppiumCommandExecutor.java:250)
at org.openqa.selenium.remote.RemoteWebDriver.execute(RemoteWebDriver.java:518)
at org.openqa.selenium.remote.RemoteWebDriver.execute(RemoteWebDriver.java:591)
at io.appium.java_client.AppiumDriver.execute(AppiumDriver.java:313)
at io.appium.java_client.screenrecording.CanRecordScreen.startRecordingScreen(CanRecordScreen.java:48)
at com.qa.BaseTest.beforeMethod(BaseTest.java:109)
at java.base/jdk.internal.reflect.NativeMethodAccessorImpl.invoke0(Native Method)
at java.base/jdk.internal.reflect.NativeMethodAccessorImpl.invoke(NativeMethodAccessorImpl.java:64)
at java.base/jdk.internal.reflect.DelegatingMethodAccessorImpl.invoke(DelegatingMethodAccessorImpl.java:43)
at java.base/java.lang.reflect.Method.invoke(Method.java:564)
at org.testng.internal.invokers.MethodInvocationHelper.invokeMethod(MethodInvocationHelper.java:139)
at org.testng.internal.invokers.MethodInvocationHelper.invokeMethodConsideringTimeout(MethodInvocationHelper.java:69)
at org.testng.internal.invokers.ConfigInvoker.invokeConfigurationMethod(ConfigInvoker.java:390)
at org.testng.internal.invokers.ConfigInvoker.invokeConfigurations(ConfigInvoker.java:325)
at org.testng.internal.invokers.TestInvoker.runConfigMethods(TestInvoker.java:810)
at org.testng.internal.invokers.TestInvoker.invokeMethod(TestInvoker.java:577)
at org.testng.internal.invokers.TestInvoker.invokeTestMethod(TestInvoker.java:227)
at org.testng.internal.invokers.MethodRunner.runInSequence(MethodRunner.java:50)
at org.testng.internal.invokers.TestInvoker$MethodInvocationAgent.invoke(TestInvoker.java:957)
at org.testng.internal.invokers.TestInvoker.invokeTestMethods(TestInvoker.java:200)
at org.testng.internal.invokers.TestMethodWorker.invokeTestMethods(TestMethodWorker.java:148)
at org.testng.internal.invokers.TestMethodWorker.run(TestMethodWorker.java:128)
at java.base/java.util.ArrayList.forEach(ArrayList.java:1511)
at org.testng.TestRunner.privateRun(TestRunner.java:848)
at org.testng.TestRunner.run(TestRunner.java:621)
at org.testng.SuiteRunner.runTest(SuiteRunner.java:443)
at org.testng.SuiteRunner.runSequentially(SuiteRunner.java:437)
at org.testng.SuiteRunner.privateRun(SuiteRunner.java:397)
at org.testng.SuiteRunner.run(SuiteRunner.java:336)
at org.testng.SuiteRunnerWorker.runSuite(SuiteRunnerWorker.java:52)
at org.testng.SuiteRunnerWorker.run(SuiteRunnerWorker.java:95)
at org.testng.TestNG.runSuitesSequentially(TestNG.java:1280)
at org.testng.TestNG.runSuitesLocally(TestNG.java:1200)
at org.testng.TestNG.runSuites(TestNG.java:1114)
at org.testng.TestNG.run(TestNG.java:1082)
at org.apache.maven.surefire.testng.TestNGExecutor.run(TestNGExecutor.java:308)
at org.apache.maven.surefire.testng.TestNGXmlTestSuite.execute(TestNGXmlTestSuite.java:71)
at org.apache.maven.surefire.testng.TestNGProvider.invoke(TestNGProvider.java:113)
at org.apache.maven.surefire.booter.ForkedBooter.runSuitesInProcess(ForkedBooter.java:385)
at org.apache.maven.surefire.booter.ForkedBooter.execute(ForkedBooter.java:162)
at org.apache.maven.surefire.booter.ForkedBooter.run(ForkedBooter.java:507)
at org.apache.maven.surefire.booter.ForkedBooter.main(ForkedBooter.java:495)
]]>
            </full-stacktrace>
          </exception> <!-- org.openqa.selenium.WebDriverException -->
          <reporter-output>
          </reporter-output>
        </test-method> <!-- invalidPassword -->
        <test-method is-config="true" signature="afterMethod()[pri:0, instance:com.qa.tests.LoginTests@6a6cb05c]" started-at="2023-08-16T14:29:39 IDT" name="afterMethod" finished-at="2023-08-16T14:29:39 IDT" duration-ms="0" status="SKIP">
          <reporter-output>
          </reporter-output>
        </test-method> <!-- afterMethod -->
        <test-method is-config="true" signature="beforeMethod()[pri:0, instance:com.qa.tests.LoginTests@6a6cb05c]" started-at="2023-08-16T14:29:39 IDT" name="beforeMethod" finished-at="2023-08-16T14:29:39 IDT" duration-ms="0" status="SKIP">
          <reporter-output>
          </reporter-output>
        </test-method> <!-- beforeMethod -->
        <test-method is-config="true" signature="beforeMethod(java.lang.reflect.Method)[pri:0, instance:com.qa.tests.LoginTests@6a6cb05c]" started-at="2023-08-16T14:29:39 IDT" name="beforeMethod" finished-at="2023-08-16T14:29:39 IDT" duration-ms="0" status="SKIP">
          <reporter-output>
          </reporter-output>
        </test-method> <!-- beforeMethod -->
        <test-method signature="invalidUserName()[pri:0, instance:com.qa.tests.LoginTests@6a6cb05c]" started-at="2023-08-16T14:29:39 IDT" name="invalidUserName" finished-at="2023-08-16T14:29:39 IDT" duration-ms="0" status="SKIP">
          <exception class="org.openqa.selenium.WebDriverException">
            <message>
              <![CDATA[An unknown server-side error occurred while processing the command. Original error: 'ffmpeg' binary is not found in PATH. Install it using 'brew install ffmpeg'. Check https://www.ffmpeg.org/download.html for more details.
Build info: version: '4.11.0', revision: '040bc5406b'
System info: os.name: 'Mac OS X', os.arch: 'x86_64', os.version: '10.16', java.version: '15.0.2'
Driver info: io.appium.java_client.ios.IOSDriver
Command: [12fa12ad-ff2d-407e-b426-1bc8ad2b872f, startRecordingScreen {}]
Capabilities {appium:app: /Users/annprodous/TDDFramew..., appium:automationName: XCUITest, appium:bundleId: com.saucelabs.SwagLabsMobil..., appium:databaseEnabled: false, appium:deviceName: iPhone 14 Pro Max, appium:javascriptEnabled: true, appium:locationContextEnabled: false, appium:networkConnectionEnabled: false, appium:takesScreenshot: true, appium:udid: 90BAEFB6-D016-4D55-B9F4-83E..., appium:wdaLocalPort: 10001, appium:webStorageEnabled: false, appium:webkitDebugProxyPort: 11001, platformName: IOS}
Session ID: 12fa12ad-ff2d-407e-b426-1bc8ad2b872f]]>
            </message>
            <full-stacktrace>
              <![CDATA[org.openqa.selenium.WebDriverException: An unknown server-side error occurred while processing the command. Original error: 'ffmpeg' binary is not found in PATH. Install it using 'brew install ffmpeg'. Check https://www.ffmpeg.org/download.html for more details.
Build info: version: '4.11.0', revision: '040bc5406b'
System info: os.name: 'Mac OS X', os.arch: 'x86_64', os.version: '10.16', java.version: '15.0.2'
Driver info: io.appium.java_client.ios.IOSDriver
Command: [12fa12ad-ff2d-407e-b426-1bc8ad2b872f, startRecordingScreen {}]
Capabilities {appium:app: /Users/annprodous/TDDFramew..., appium:automationName: XCUITest, appium:bundleId: com.saucelabs.SwagLabsMobil..., appium:databaseEnabled: false, appium:deviceName: iPhone 14 Pro Max, appium:javascriptEnabled: true, appium:locationContextEnabled: false, appium:networkConnectionEnabled: false, appium:takesScreenshot: true, appium:udid: 90BAEFB6-D016-4D55-B9F4-83E..., appium:wdaLocalPort: 10001, appium:webStorageEnabled: false, appium:webkitDebugProxyPort: 11001, platformName: IOS}
Session ID: 12fa12ad-ff2d-407e-b426-1bc8ad2b872f
at java.base/jdk.internal.reflect.NativeConstructorAccessorImpl.newInstance0(Native Method)
at java.base/jdk.internal.reflect.NativeConstructorAccessorImpl.newInstance(NativeConstructorAccessorImpl.java:64)
at java.base/jdk.internal.reflect.DelegatingConstructorAccessorImpl.newInstance(DelegatingConstructorAccessorImpl.java:45)
at java.base/java.lang.reflect.Constructor.newInstanceWithCaller(Constructor.java:500)
at java.base/java.lang.reflect.Constructor.newInstance(Constructor.java:481)
at org.openqa.selenium.remote.codec.w3c.W3CHttpResponseCodec.createException(W3CHttpResponseCodec.java:200)
at org.openqa.selenium.remote.codec.w3c.W3CHttpResponseCodec.decode(W3CHttpResponseCodec.java:133)
at org.openqa.selenium.remote.codec.w3c.W3CHttpResponseCodec.decode(W3CHttpResponseCodec.java:52)
at org.openqa.selenium.remote.HttpCommandExecutor.execute(HttpCommandExecutor.java:191)
at io.appium.java_client.remote.AppiumCommandExecutor.execute(AppiumCommandExecutor.java:250)
at org.openqa.selenium.remote.RemoteWebDriver.execute(RemoteWebDriver.java:518)
at org.openqa.selenium.remote.RemoteWebDriver.execute(RemoteWebDriver.java:591)
at io.appium.java_client.AppiumDriver.execute(AppiumDriver.java:313)
at io.appium.java_client.screenrecording.CanRecordScreen.startRecordingScreen(CanRecordScreen.java:48)
at com.qa.BaseTest.beforeMethod(BaseTest.java:109)
at java.base/jdk.internal.reflect.NativeMethodAccessorImpl.invoke0(Native Method)
at java.base/jdk.internal.reflect.NativeMethodAccessorImpl.invoke(NativeMethodAccessorImpl.java:64)
at java.base/jdk.internal.reflect.DelegatingMethodAccessorImpl.invoke(DelegatingMethodAccessorImpl.java:43)
at java.base/java.lang.reflect.Method.invoke(Method.java:564)
at org.testng.internal.invokers.MethodInvocationHelper.invokeMethod(MethodInvocationHelper.java:139)
at org.testng.internal.invokers.MethodInvocationHelper.invokeMethodConsideringTimeout(MethodInvocationHelper.java:69)
at org.testng.internal.invokers.ConfigInvoker.invokeConfigurationMethod(ConfigInvoker.java:390)
at org.testng.internal.invokers.ConfigInvoker.invokeConfigurations(ConfigInvoker.java:325)
at org.testng.internal.invokers.TestInvoker.runConfigMethods(TestInvoker.java:810)
at org.testng.internal.invokers.TestInvoker.invokeMethod(TestInvoker.java:577)
at org.testng.internal.invokers.TestInvoker.invokeTestMethod(TestInvoker.java:227)
at org.testng.internal.invokers.MethodRunner.runInSequence(MethodRunner.java:50)
at org.testng.internal.invokers.TestInvoker$MethodInvocationAgent.invoke(TestInvoker.java:957)
at org.testng.internal.invokers.TestInvoker.invokeTestMethods(TestInvoker.java:200)
at org.testng.internal.invokers.TestMethodWorker.invokeTestMethods(TestMethodWorker.java:148)
at org.testng.internal.invokers.TestMethodWorker.run(TestMethodWorker.java:128)
at java.base/java.util.ArrayList.forEach(ArrayList.java:1511)
at org.testng.TestRunner.privateRun(TestRunner.java:848)
at org.testng.TestRunner.run(TestRunner.java:621)
at org.testng.SuiteRunner.runTest(SuiteRunner.java:443)
at org.testng.SuiteRunner.runSequentially(SuiteRunner.java:437)
at org.testng.SuiteRunner.privateRun(SuiteRunner.java:397)
at org.testng.SuiteRunner.run(SuiteRunner.java:336)
at org.testng.SuiteRunnerWorker.runSuite(SuiteRunnerWorker.java:52)
at org.testng.SuiteRunnerWorker.run(SuiteRunnerWorker.java:95)
at org.testng.TestNG.runSuitesSequentially(TestNG.java:1280)
at org.testng.TestNG.runSuitesLocally(TestNG.java:1200)
at org.testng.TestNG.runSuites(TestNG.java:1114)
at org.testng.TestNG.run(TestNG.java:1082)
at org.apache.maven.surefire.testng.TestNGExecutor.run(TestNGExecutor.java:308)
at org.apache.maven.surefire.testng.TestNGXmlTestSuite.execute(TestNGXmlTestSuite.java:71)
at org.apache.maven.surefire.testng.TestNGProvider.invoke(TestNGProvider.java:113)
at org.apache.maven.surefire.booter.ForkedBooter.runSuitesInProcess(ForkedBooter.java:385)
at org.apache.maven.surefire.booter.ForkedBooter.execute(ForkedBooter.java:162)
at org.apache.maven.surefire.booter.ForkedBooter.run(ForkedBooter.java:507)
at org.apache.maven.surefire.booter.ForkedBooter.main(ForkedBooter.java:495)
]]>
            </full-stacktrace>
          </exception> <!-- org.openqa.selenium.WebDriverException -->
          <reporter-output>
          </reporter-output>
        </test-method> <!-- invalidUserName -->
        <test-method is-config="true" signature="afterMethod()[pri:0, instance:com.qa.tests.LoginTests@6a6cb05c]" started-at="2023-08-16T14:29:39 IDT" name="afterMethod" finished-at="2023-08-16T14:29:39 IDT" duration-ms="0" status="SKIP">
          <reporter-output>
          </reporter-output>
        </test-method> <!-- afterMethod -->
        <test-method is-config="true" signature="beforeMethod()[pri:0, instance:com.qa.tests.LoginTests@6a6cb05c]" started-at="2023-08-16T14:29:39 IDT" name="beforeMethod" finished-at="2023-08-16T14:29:39 IDT" duration-ms="0" status="SKIP">
          <reporter-output>
          </reporter-output>
        </test-method> <!-- beforeMethod -->
        <test-method is-config="true" signature="beforeMethod(java.lang.reflect.Method)[pri:0, instance:com.qa.tests.LoginTests@6a6cb05c]" started-at="2023-08-16T14:29:39 IDT" name="beforeMethod" finished-at="2023-08-16T14:29:39 IDT" duration-ms="0" status="SKIP">
          <reporter-output>
          </reporter-output>
        </test-method> <!-- beforeMethod -->
        <test-method signature="successfulLogin()[pri:0, instance:com.qa.tests.LoginTests@6a6cb05c]" started-at="2023-08-16T14:29:39 IDT" name="successfulLogin" finished-at="2023-08-16T14:29:39 IDT" duration-ms="0" status="SKIP">
          <exception class="org.openqa.selenium.WebDriverException">
            <message>
              <![CDATA[An unknown server-side error occurred while processing the command. Original error: 'ffmpeg' binary is not found in PATH. Install it using 'brew install ffmpeg'. Check https://www.ffmpeg.org/download.html for more details.
Build info: version: '4.11.0', revision: '040bc5406b'
System info: os.name: 'Mac OS X', os.arch: 'x86_64', os.version: '10.16', java.version: '15.0.2'
Driver info: io.appium.java_client.ios.IOSDriver
Command: [12fa12ad-ff2d-407e-b426-1bc8ad2b872f, startRecordingScreen {}]
Capabilities {appium:app: /Users/annprodous/TDDFramew..., appium:automationName: XCUITest, appium:bundleId: com.saucelabs.SwagLabsMobil..., appium:databaseEnabled: false, appium:deviceName: iPhone 14 Pro Max, appium:javascriptEnabled: true, appium:locationContextEnabled: false, appium:networkConnectionEnabled: false, appium:takesScreenshot: true, appium:udid: 90BAEFB6-D016-4D55-B9F4-83E..., appium:wdaLocalPort: 10001, appium:webStorageEnabled: false, appium:webkitDebugProxyPort: 11001, platformName: IOS}
Session ID: 12fa12ad-ff2d-407e-b426-1bc8ad2b872f]]>
            </message>
            <full-stacktrace>
              <![CDATA[org.openqa.selenium.WebDriverException: An unknown server-side error occurred while processing the command. Original error: 'ffmpeg' binary is not found in PATH. Install it using 'brew install ffmpeg'. Check https://www.ffmpeg.org/download.html for more details.
Build info: version: '4.11.0', revision: '040bc5406b'
System info: os.name: 'Mac OS X', os.arch: 'x86_64', os.version: '10.16', java.version: '15.0.2'
Driver info: io.appium.java_client.ios.IOSDriver
Command: [12fa12ad-ff2d-407e-b426-1bc8ad2b872f, startRecordingScreen {}]
Capabilities {appium:app: /Users/annprodous/TDDFramew..., appium:automationName: XCUITest, appium:bundleId: com.saucelabs.SwagLabsMobil..., appium:databaseEnabled: false, appium:deviceName: iPhone 14 Pro Max, appium:javascriptEnabled: true, appium:locationContextEnabled: false, appium:networkConnectionEnabled: false, appium:takesScreenshot: true, appium:udid: 90BAEFB6-D016-4D55-B9F4-83E..., appium:wdaLocalPort: 10001, appium:webStorageEnabled: false, appium:webkitDebugProxyPort: 11001, platformName: IOS}
Session ID: 12fa12ad-ff2d-407e-b426-1bc8ad2b872f
at java.base/jdk.internal.reflect.NativeConstructorAccessorImpl.newInstance0(Native Method)
at java.base/jdk.internal.reflect.NativeConstructorAccessorImpl.newInstance(NativeConstructorAccessorImpl.java:64)
at java.base/jdk.internal.reflect.DelegatingConstructorAccessorImpl.newInstance(DelegatingConstructorAccessorImpl.java:45)
at java.base/java.lang.reflect.Constructor.newInstanceWithCaller(Constructor.java:500)
at java.base/java.lang.reflect.Constructor.newInstance(Constructor.java:481)
at org.openqa.selenium.remote.codec.w3c.W3CHttpResponseCodec.createException(W3CHttpResponseCodec.java:200)
at org.openqa.selenium.remote.codec.w3c.W3CHttpResponseCodec.decode(W3CHttpResponseCodec.java:133)
at org.openqa.selenium.remote.codec.w3c.W3CHttpResponseCodec.decode(W3CHttpResponseCodec.java:52)
at org.openqa.selenium.remote.HttpCommandExecutor.execute(HttpCommandExecutor.java:191)
at io.appium.java_client.remote.AppiumCommandExecutor.execute(AppiumCommandExecutor.java:250)
at org.openqa.selenium.remote.RemoteWebDriver.execute(RemoteWebDriver.java:518)
at org.openqa.selenium.remote.RemoteWebDriver.execute(RemoteWebDriver.java:591)
at io.appium.java_client.AppiumDriver.execute(AppiumDriver.java:313)
at io.appium.java_client.screenrecording.CanRecordScreen.startRecordingScreen(CanRecordScreen.java:48)
at com.qa.BaseTest.beforeMethod(BaseTest.java:109)
at java.base/jdk.internal.reflect.NativeMethodAccessorImpl.invoke0(Native Method)
at java.base/jdk.internal.reflect.NativeMethodAccessorImpl.invoke(NativeMethodAccessorImpl.java:64)
at java.base/jdk.internal.reflect.DelegatingMethodAccessorImpl.invoke(DelegatingMethodAccessorImpl.java:43)
at java.base/java.lang.reflect.Method.invoke(Method.java:564)
at org.testng.internal.invokers.MethodInvocationHelper.invokeMethod(MethodInvocationHelper.java:139)
at org.testng.internal.invokers.MethodInvocationHelper.invokeMethodConsideringTimeout(MethodInvocationHelper.java:69)
at org.testng.internal.invokers.ConfigInvoker.invokeConfigurationMethod(ConfigInvoker.java:390)
at org.testng.internal.invokers.ConfigInvoker.invokeConfigurations(ConfigInvoker.java:325)
at org.testng.internal.invokers.TestInvoker.runConfigMethods(TestInvoker.java:810)
at org.testng.internal.invokers.TestInvoker.invokeMethod(TestInvoker.java:577)
at org.testng.internal.invokers.TestInvoker.invokeTestMethod(TestInvoker.java:227)
at org.testng.internal.invokers.MethodRunner.runInSequence(MethodRunner.java:50)
at org.testng.internal.invokers.TestInvoker$MethodInvocationAgent.invoke(TestInvoker.java:957)
at org.testng.internal.invokers.TestInvoker.invokeTestMethods(TestInvoker.java:200)
at org.testng.internal.invokers.TestMethodWorker.invokeTestMethods(TestMethodWorker.java:148)
at org.testng.internal.invokers.TestMethodWorker.run(TestMethodWorker.java:128)
at java.base/java.util.ArrayList.forEach(ArrayList.java:1511)
at org.testng.TestRunner.privateRun(TestRunner.java:848)
at org.testng.TestRunner.run(TestRunner.java:621)
at org.testng.SuiteRunner.runTest(SuiteRunner.java:443)
at org.testng.SuiteRunner.runSequentially(SuiteRunner.java:437)
at org.testng.SuiteRunner.privateRun(SuiteRunner.java:397)
at org.testng.SuiteRunner.run(SuiteRunner.java:336)
at org.testng.SuiteRunnerWorker.runSuite(SuiteRunnerWorker.java:52)
at org.testng.SuiteRunnerWorker.run(SuiteRunnerWorker.java:95)
at org.testng.TestNG.runSuitesSequentially(TestNG.java:1280)
at org.testng.TestNG.runSuitesLocally(TestNG.java:1200)
at org.testng.TestNG.runSuites(TestNG.java:1114)
at org.testng.TestNG.run(TestNG.java:1082)
at org.apache.maven.surefire.testng.TestNGExecutor.run(TestNGExecutor.java:308)
at org.apache.maven.surefire.testng.TestNGXmlTestSuite.execute(TestNGXmlTestSuite.java:71)
at org.apache.maven.surefire.testng.TestNGProvider.invoke(TestNGProvider.java:113)
at org.apache.maven.surefire.booter.ForkedBooter.runSuitesInProcess(ForkedBooter.java:385)
at org.apache.maven.surefire.booter.ForkedBooter.execute(ForkedBooter.java:162)
at org.apache.maven.surefire.booter.ForkedBooter.run(ForkedBooter.java:507)
at org.apache.maven.surefire.booter.ForkedBooter.main(ForkedBooter.java:495)
]]>
            </full-stacktrace>
          </exception> <!-- org.openqa.selenium.WebDriverException -->
          <reporter-output>
          </reporter-output>
        </test-method> <!-- successfulLogin -->
        <test-method is-config="true" signature="afterMethod()[pri:0, instance:com.qa.tests.LoginTests@6a6cb05c]" started-at="2023-08-16T14:29:39 IDT" name="afterMethod" finished-at="2023-08-16T14:29:39 IDT" duration-ms="0" status="SKIP">
          <reporter-output>
          </reporter-output>
        </test-method> <!-- afterMethod -->
        <test-method is-config="true" signature="afterClass()[pri:0, instance:com.qa.tests.LoginTests@6a6cb05c]" started-at="2023-08-16T14:29:39 IDT" name="afterClass" finished-at="2023-08-16T14:29:39 IDT" duration-ms="0" status="SKIP">
          <reporter-output>
          </reporter-output>
        </test-method> <!-- afterClass -->
        <test-method is-config="true" signature="afterTest()[pri:0, instance:com.qa.tests.LoginTests@6a6cb05c]" started-at="2023-08-16T14:29:42 IDT" name="afterTest" finished-at="2023-08-16T14:29:43 IDT" duration-ms="1097" status="PASS">
          <reporter-output>
          </reporter-output>
        </test-method> <!-- afterTest -->
        <test-method is-config="true" signature="afterSuite()[pri:0, instance:com.qa.tests.LoginTests@6a6cb05c]" started-at="2023-08-16T14:29:43 IDT" name="afterSuite" finished-at="2023-08-16T14:29:49 IDT" duration-ms="5249" status="PASS">
          <reporter-output>
          </reporter-output>
        </test-method> <!-- afterSuite -->
      </class> <!-- com.qa.tests.LoginTests -->
      <class name="com.qa.tests.ProductTests">
        <test-method is-config="true" signature="beforeClass()[pri:0, instance:com.qa.tests.ProductTests@682b2fa]" started-at="2023-08-16T14:29:39 IDT" name="beforeClass" finished-at="2023-08-16T14:29:42 IDT" duration-ms="2413" status="PASS">
          <reporter-output>
          </reporter-output>
        </test-method> <!-- beforeClass -->
        <test-method is-config="true" signature="beforeMethod()[pri:0, instance:com.qa.tests.ProductTests@682b2fa]" started-at="2023-08-16T14:29:42 IDT" name="beforeMethod" finished-at="2023-08-16T14:29:42 IDT" duration-ms="42" status="FAIL">
          <exception class="org.openqa.selenium.WebDriverException">
            <message>
              <![CDATA[An unknown server-side error occurred while processing the command. Original error: 'ffmpeg' binary is not found in PATH. Install it using 'brew install ffmpeg'. Check https://www.ffmpeg.org/download.html for more details.
Build info: version: '4.11.0', revision: '040bc5406b'
System info: os.name: 'Mac OS X', os.arch: 'x86_64', os.version: '10.16', java.version: '15.0.2'
Driver info: io.appium.java_client.ios.IOSDriver
Command: [12fa12ad-ff2d-407e-b426-1bc8ad2b872f, startRecordingScreen {}]
Capabilities {appium:app: /Users/annprodous/TDDFramew..., appium:automationName: XCUITest, appium:bundleId: com.saucelabs.SwagLabsMobil..., appium:databaseEnabled: false, appium:deviceName: iPhone 14 Pro Max, appium:javascriptEnabled: true, appium:locationContextEnabled: false, appium:networkConnectionEnabled: false, appium:takesScreenshot: true, appium:udid: 90BAEFB6-D016-4D55-B9F4-83E..., appium:wdaLocalPort: 10001, appium:webStorageEnabled: false, appium:webkitDebugProxyPort: 11001, platformName: IOS}
Session ID: 12fa12ad-ff2d-407e-b426-1bc8ad2b872f]]>
            </message>
            <full-stacktrace>
              <![CDATA[org.openqa.selenium.WebDriverException: An unknown server-side error occurred while processing the command. Original error: 'ffmpeg' binary is not found in PATH. Install it using 'brew install ffmpeg'. Check https://www.ffmpeg.org/download.html for more details.
Build info: version: '4.11.0', revision: '040bc5406b'
System info: os.name: 'Mac OS X', os.arch: 'x86_64', os.version: '10.16', java.version: '15.0.2'
Driver info: io.appium.java_client.ios.IOSDriver
Command: [12fa12ad-ff2d-407e-b426-1bc8ad2b872f, startRecordingScreen {}]
Capabilities {appium:app: /Users/annprodous/TDDFramew..., appium:automationName: XCUITest, appium:bundleId: com.saucelabs.SwagLabsMobil..., appium:databaseEnabled: false, appium:deviceName: iPhone 14 Pro Max, appium:javascriptEnabled: true, appium:locationContextEnabled: false, appium:networkConnectionEnabled: false, appium:takesScreenshot: true, appium:udid: 90BAEFB6-D016-4D55-B9F4-83E..., appium:wdaLocalPort: 10001, appium:webStorageEnabled: false, appium:webkitDebugProxyPort: 11001, platformName: IOS}
Session ID: 12fa12ad-ff2d-407e-b426-1bc8ad2b872f
at java.base/jdk.internal.reflect.NativeConstructorAccessorImpl.newInstance0(Native Method)
at java.base/jdk.internal.reflect.NativeConstructorAccessorImpl.newInstance(NativeConstructorAccessorImpl.java:64)
at java.base/jdk.internal.reflect.DelegatingConstructorAccessorImpl.newInstance(DelegatingConstructorAccessorImpl.java:45)
at java.base/java.lang.reflect.Constructor.newInstanceWithCaller(Constructor.java:500)
at java.base/java.lang.reflect.Constructor.newInstance(Constructor.java:481)
at org.openqa.selenium.remote.codec.w3c.W3CHttpResponseCodec.createException(W3CHttpResponseCodec.java:200)
at org.openqa.selenium.remote.codec.w3c.W3CHttpResponseCodec.decode(W3CHttpResponseCodec.java:133)
at org.openqa.selenium.remote.codec.w3c.W3CHttpResponseCodec.decode(W3CHttpResponseCodec.java:52)
at org.openqa.selenium.remote.HttpCommandExecutor.execute(HttpCommandExecutor.java:191)
at io.appium.java_client.remote.AppiumCommandExecutor.execute(AppiumCommandExecutor.java:250)
at org.openqa.selenium.remote.RemoteWebDriver.execute(RemoteWebDriver.java:518)
at org.openqa.selenium.remote.RemoteWebDriver.execute(RemoteWebDriver.java:591)
at io.appium.java_client.AppiumDriver.execute(AppiumDriver.java:313)
at io.appium.java_client.screenrecording.CanRecordScreen.startRecordingScreen(CanRecordScreen.java:48)
at com.qa.BaseTest.beforeMethod(BaseTest.java:109)
at java.base/jdk.internal.reflect.NativeMethodAccessorImpl.invoke0(Native Method)
at java.base/jdk.internal.reflect.NativeMethodAccessorImpl.invoke(NativeMethodAccessorImpl.java:64)
at java.base/jdk.internal.reflect.DelegatingMethodAccessorImpl.invoke(DelegatingMethodAccessorImpl.java:43)
at java.base/java.lang.reflect.Method.invoke(Method.java:564)
at org.testng.internal.invokers.MethodInvocationHelper.invokeMethod(MethodInvocationHelper.java:139)
at org.testng.internal.invokers.MethodInvocationHelper.invokeMethodConsideringTimeout(MethodInvocationHelper.java:69)
at org.testng.internal.invokers.ConfigInvoker.invokeConfigurationMethod(ConfigInvoker.java:390)
at org.testng.internal.invokers.ConfigInvoker.invokeConfigurations(ConfigInvoker.java:325)
at org.testng.internal.invokers.TestInvoker.runConfigMethods(TestInvoker.java:810)
at org.testng.internal.invokers.TestInvoker.invokeMethod(TestInvoker.java:577)
at org.testng.internal.invokers.TestInvoker.invokeTestMethod(TestInvoker.java:227)
at org.testng.internal.invokers.MethodRunner.runInSequence(MethodRunner.java:50)
at org.testng.internal.invokers.TestInvoker$MethodInvocationAgent.invoke(TestInvoker.java:957)
at org.testng.internal.invokers.TestInvoker.invokeTestMethods(TestInvoker.java:200)
at org.testng.internal.invokers.TestMethodWorker.invokeTestMethods(TestMethodWorker.java:148)
at org.testng.internal.invokers.TestMethodWorker.run(TestMethodWorker.java:128)
at java.base/java.util.ArrayList.forEach(ArrayList.java:1511)
at org.testng.TestRunner.privateRun(TestRunner.java:848)
at org.testng.TestRunner.run(TestRunner.java:621)
at org.testng.SuiteRunner.runTest(SuiteRunner.java:443)
at org.testng.SuiteRunner.runSequentially(SuiteRunner.java:437)
at org.testng.SuiteRunner.privateRun(SuiteRunner.java:397)
at org.testng.SuiteRunner.run(SuiteRunner.java:336)
at org.testng.SuiteRunnerWorker.runSuite(SuiteRunnerWorker.java:52)
at org.testng.SuiteRunnerWorker.run(SuiteRunnerWorker.java:95)
at org.testng.TestNG.runSuitesSequentially(TestNG.java:1280)
at org.testng.TestNG.runSuitesLocally(TestNG.java:1200)
at org.testng.TestNG.runSuites(TestNG.java:1114)
at org.testng.TestNG.run(TestNG.java:1082)
at org.apache.maven.surefire.testng.TestNGExecutor.run(TestNGExecutor.java:308)
at org.apache.maven.surefire.testng.TestNGXmlTestSuite.execute(TestNGXmlTestSuite.java:71)
at org.apache.maven.surefire.testng.TestNGProvider.invoke(TestNGProvider.java:113)
at org.apache.maven.surefire.booter.ForkedBooter.runSuitesInProcess(ForkedBooter.java:385)
at org.apache.maven.surefire.booter.ForkedBooter.execute(ForkedBooter.java:162)
at org.apache.maven.surefire.booter.ForkedBooter.run(ForkedBooter.java:507)
at org.apache.maven.surefire.booter.ForkedBooter.main(ForkedBooter.java:495)
]]>
            </full-stacktrace>
          </exception> <!-- org.openqa.selenium.WebDriverException -->
          <reporter-output>
          </reporter-output>
        </test-method> <!-- beforeMethod -->
        <test-method is-config="true" signature="beforeMethod(java.lang.reflect.Method)[pri:0, instance:com.qa.tests.ProductTests@682b2fa]" started-at="2023-08-16T14:29:42 IDT" name="beforeMethod" finished-at="2023-08-16T14:29:42 IDT" duration-ms="0" status="SKIP">
          <reporter-output>
          </reporter-output>
        </test-method> <!-- beforeMethod -->
        <test-method signature="validateProductOnProductDetailsPage()[pri:0, instance:com.qa.tests.ProductTests@682b2fa]" started-at="2023-08-16T14:29:42 IDT" name="validateProductOnProductDetailsPage" finished-at="2023-08-16T14:29:42 IDT" duration-ms="0" status="SKIP">
          <exception class="org.openqa.selenium.WebDriverException">
            <message>
              <![CDATA[An unknown server-side error occurred while processing the command. Original error: 'ffmpeg' binary is not found in PATH. Install it using 'brew install ffmpeg'. Check https://www.ffmpeg.org/download.html for more details.
Build info: version: '4.11.0', revision: '040bc5406b'
System info: os.name: 'Mac OS X', os.arch: 'x86_64', os.version: '10.16', java.version: '15.0.2'
Driver info: io.appium.java_client.ios.IOSDriver
Command: [12fa12ad-ff2d-407e-b426-1bc8ad2b872f, startRecordingScreen {}]
Capabilities {appium:app: /Users/annprodous/TDDFramew..., appium:automationName: XCUITest, appium:bundleId: com.saucelabs.SwagLabsMobil..., appium:databaseEnabled: false, appium:deviceName: iPhone 14 Pro Max, appium:javascriptEnabled: true, appium:locationContextEnabled: false, appium:networkConnectionEnabled: false, appium:takesScreenshot: true, appium:udid: 90BAEFB6-D016-4D55-B9F4-83E..., appium:wdaLocalPort: 10001, appium:webStorageEnabled: false, appium:webkitDebugProxyPort: 11001, platformName: IOS}
Session ID: 12fa12ad-ff2d-407e-b426-1bc8ad2b872f]]>
            </message>
            <full-stacktrace>
              <![CDATA[org.openqa.selenium.WebDriverException: An unknown server-side error occurred while processing the command. Original error: 'ffmpeg' binary is not found in PATH. Install it using 'brew install ffmpeg'. Check https://www.ffmpeg.org/download.html for more details.
Build info: version: '4.11.0', revision: '040bc5406b'
System info: os.name: 'Mac OS X', os.arch: 'x86_64', os.version: '10.16', java.version: '15.0.2'
Driver info: io.appium.java_client.ios.IOSDriver
Command: [12fa12ad-ff2d-407e-b426-1bc8ad2b872f, startRecordingScreen {}]
Capabilities {appium:app: /Users/annprodous/TDDFramew..., appium:automationName: XCUITest, appium:bundleId: com.saucelabs.SwagLabsMobil..., appium:databaseEnabled: false, appium:deviceName: iPhone 14 Pro Max, appium:javascriptEnabled: true, appium:locationContextEnabled: false, appium:networkConnectionEnabled: false, appium:takesScreenshot: true, appium:udid: 90BAEFB6-D016-4D55-B9F4-83E..., appium:wdaLocalPort: 10001, appium:webStorageEnabled: false, appium:webkitDebugProxyPort: 11001, platformName: IOS}
Session ID: 12fa12ad-ff2d-407e-b426-1bc8ad2b872f
at java.base/jdk.internal.reflect.NativeConstructorAccessorImpl.newInstance0(Native Method)
at java.base/jdk.internal.reflect.NativeConstructorAccessorImpl.newInstance(NativeConstructorAccessorImpl.java:64)
at java.base/jdk.internal.reflect.DelegatingConstructorAccessorImpl.newInstance(DelegatingConstructorAccessorImpl.java:45)
at java.base/java.lang.reflect.Constructor.newInstanceWithCaller(Constructor.java:500)
at java.base/java.lang.reflect.Constructor.newInstance(Constructor.java:481)
at org.openqa.selenium.remote.codec.w3c.W3CHttpResponseCodec.createException(W3CHttpResponseCodec.java:200)
at org.openqa.selenium.remote.codec.w3c.W3CHttpResponseCodec.decode(W3CHttpResponseCodec.java:133)
at org.openqa.selenium.remote.codec.w3c.W3CHttpResponseCodec.decode(W3CHttpResponseCodec.java:52)
at org.openqa.selenium.remote.HttpCommandExecutor.execute(HttpCommandExecutor.java:191)
at io.appium.java_client.remote.AppiumCommandExecutor.execute(AppiumCommandExecutor.java:250)
at org.openqa.selenium.remote.RemoteWebDriver.execute(RemoteWebDriver.java:518)
at org.openqa.selenium.remote.RemoteWebDriver.execute(RemoteWebDriver.java:591)
at io.appium.java_client.AppiumDriver.execute(AppiumDriver.java:313)
at io.appium.java_client.screenrecording.CanRecordScreen.startRecordingScreen(CanRecordScreen.java:48)
at com.qa.BaseTest.beforeMethod(BaseTest.java:109)
at java.base/jdk.internal.reflect.NativeMethodAccessorImpl.invoke0(Native Method)
at java.base/jdk.internal.reflect.NativeMethodAccessorImpl.invoke(NativeMethodAccessorImpl.java:64)
at java.base/jdk.internal.reflect.DelegatingMethodAccessorImpl.invoke(DelegatingMethodAccessorImpl.java:43)
at java.base/java.lang.reflect.Method.invoke(Method.java:564)
at org.testng.internal.invokers.MethodInvocationHelper.invokeMethod(MethodInvocationHelper.java:139)
at org.testng.internal.invokers.MethodInvocationHelper.invokeMethodConsideringTimeout(MethodInvocationHelper.java:69)
at org.testng.internal.invokers.ConfigInvoker.invokeConfigurationMethod(ConfigInvoker.java:390)
at org.testng.internal.invokers.ConfigInvoker.invokeConfigurations(ConfigInvoker.java:325)
at org.testng.internal.invokers.TestInvoker.runConfigMethods(TestInvoker.java:810)
at org.testng.internal.invokers.TestInvoker.invokeMethod(TestInvoker.java:577)
at org.testng.internal.invokers.TestInvoker.invokeTestMethod(TestInvoker.java:227)
at org.testng.internal.invokers.MethodRunner.runInSequence(MethodRunner.java:50)
at org.testng.internal.invokers.TestInvoker$MethodInvocationAgent.invoke(TestInvoker.java:957)
at org.testng.internal.invokers.TestInvoker.invokeTestMethods(TestInvoker.java:200)
at org.testng.internal.invokers.TestMethodWorker.invokeTestMethods(TestMethodWorker.java:148)
at org.testng.internal.invokers.TestMethodWorker.run(TestMethodWorker.java:128)
at java.base/java.util.ArrayList.forEach(ArrayList.java:1511)
at org.testng.TestRunner.privateRun(TestRunner.java:848)
at org.testng.TestRunner.run(TestRunner.java:621)
at org.testng.SuiteRunner.runTest(SuiteRunner.java:443)
at org.testng.SuiteRunner.runSequentially(SuiteRunner.java:437)
at org.testng.SuiteRunner.privateRun(SuiteRunner.java:397)
at org.testng.SuiteRunner.run(SuiteRunner.java:336)
at org.testng.SuiteRunnerWorker.runSuite(SuiteRunnerWorker.java:52)
at org.testng.SuiteRunnerWorker.run(SuiteRunnerWorker.java:95)
at org.testng.TestNG.runSuitesSequentially(TestNG.java:1280)
at org.testng.TestNG.runSuitesLocally(TestNG.java:1200)
at org.testng.TestNG.runSuites(TestNG.java:1114)
at org.testng.TestNG.run(TestNG.java:1082)
at org.apache.maven.surefire.testng.TestNGExecutor.run(TestNGExecutor.java:308)
at org.apache.maven.surefire.testng.TestNGXmlTestSuite.execute(TestNGXmlTestSuite.java:71)
at org.apache.maven.surefire.testng.TestNGProvider.invoke(TestNGProvider.java:113)
at org.apache.maven.surefire.booter.ForkedBooter.runSuitesInProcess(ForkedBooter.java:385)
at org.apache.maven.surefire.booter.ForkedBooter.execute(ForkedBooter.java:162)
at org.apache.maven.surefire.booter.ForkedBooter.run(ForkedBooter.java:507)
at org.apache.maven.surefire.booter.ForkedBooter.main(ForkedBooter.java:495)
]]>
            </full-stacktrace>
          </exception> <!-- org.openqa.selenium.WebDriverException -->
          <reporter-output>
          </reporter-output>
        </test-method> <!-- validateProductOnProductDetailsPage -->
        <test-method is-config="true" signature="afterMethod()[pri:0, instance:com.qa.tests.ProductTests@682b2fa]" started-at="2023-08-16T14:29:42 IDT" name="afterMethod" finished-at="2023-08-16T14:29:42 IDT" duration-ms="0" status="SKIP">
          <reporter-output>
          </reporter-output>
        </test-method> <!-- afterMethod -->
        <test-method is-config="true" signature="beforeMethod()[pri:0, instance:com.qa.tests.ProductTests@682b2fa]" started-at="2023-08-16T14:29:42 IDT" name="beforeMethod" finished-at="2023-08-16T14:29:42 IDT" duration-ms="0" status="SKIP">
          <reporter-output>
          </reporter-output>
        </test-method> <!-- beforeMethod -->
        <test-method is-config="true" signature="beforeMethod(java.lang.reflect.Method)[pri:0, instance:com.qa.tests.ProductTests@682b2fa]" started-at="2023-08-16T14:29:42 IDT" name="beforeMethod" finished-at="2023-08-16T14:29:42 IDT" duration-ms="0" status="SKIP">
          <reporter-output>
          </reporter-output>
        </test-method> <!-- beforeMethod -->
        <test-method signature="validateProductOnProductsPage()[pri:0, instance:com.qa.tests.ProductTests@682b2fa]" started-at="2023-08-16T14:29:42 IDT" name="validateProductOnProductsPage" finished-at="2023-08-16T14:29:42 IDT" duration-ms="0" status="SKIP">
          <exception class="org.openqa.selenium.WebDriverException">
            <message>
              <![CDATA[An unknown server-side error occurred while processing the command. Original error: 'ffmpeg' binary is not found in PATH. Install it using 'brew install ffmpeg'. Check https://www.ffmpeg.org/download.html for more details.
Build info: version: '4.11.0', revision: '040bc5406b'
System info: os.name: 'Mac OS X', os.arch: 'x86_64', os.version: '10.16', java.version: '15.0.2'
Driver info: io.appium.java_client.ios.IOSDriver
Command: [12fa12ad-ff2d-407e-b426-1bc8ad2b872f, startRecordingScreen {}]
Capabilities {appium:app: /Users/annprodous/TDDFramew..., appium:automationName: XCUITest, appium:bundleId: com.saucelabs.SwagLabsMobil..., appium:databaseEnabled: false, appium:deviceName: iPhone 14 Pro Max, appium:javascriptEnabled: true, appium:locationContextEnabled: false, appium:networkConnectionEnabled: false, appium:takesScreenshot: true, appium:udid: 90BAEFB6-D016-4D55-B9F4-83E..., appium:wdaLocalPort: 10001, appium:webStorageEnabled: false, appium:webkitDebugProxyPort: 11001, platformName: IOS}
Session ID: 12fa12ad-ff2d-407e-b426-1bc8ad2b872f]]>
            </message>
            <full-stacktrace>
              <![CDATA[org.openqa.selenium.WebDriverException: An unknown server-side error occurred while processing the command. Original error: 'ffmpeg' binary is not found in PATH. Install it using 'brew install ffmpeg'. Check https://www.ffmpeg.org/download.html for more details.
Build info: version: '4.11.0', revision: '040bc5406b'
System info: os.name: 'Mac OS X', os.arch: 'x86_64', os.version: '10.16', java.version: '15.0.2'
Driver info: io.appium.java_client.ios.IOSDriver
Command: [12fa12ad-ff2d-407e-b426-1bc8ad2b872f, startRecordingScreen {}]
Capabilities {appium:app: /Users/annprodous/TDDFramew..., appium:automationName: XCUITest, appium:bundleId: com.saucelabs.SwagLabsMobil..., appium:databaseEnabled: false, appium:deviceName: iPhone 14 Pro Max, appium:javascriptEnabled: true, appium:locationContextEnabled: false, appium:networkConnectionEnabled: false, appium:takesScreenshot: true, appium:udid: 90BAEFB6-D016-4D55-B9F4-83E..., appium:wdaLocalPort: 10001, appium:webStorageEnabled: false, appium:webkitDebugProxyPort: 11001, platformName: IOS}
Session ID: 12fa12ad-ff2d-407e-b426-1bc8ad2b872f
at java.base/jdk.internal.reflect.NativeConstructorAccessorImpl.newInstance0(Native Method)
at java.base/jdk.internal.reflect.NativeConstructorAccessorImpl.newInstance(NativeConstructorAccessorImpl.java:64)
at java.base/jdk.internal.reflect.DelegatingConstructorAccessorImpl.newInstance(DelegatingConstructorAccessorImpl.java:45)
at java.base/java.lang.reflect.Constructor.newInstanceWithCaller(Constructor.java:500)
at java.base/java.lang.reflect.Constructor.newInstance(Constructor.java:481)
at org.openqa.selenium.remote.codec.w3c.W3CHttpResponseCodec.createException(W3CHttpResponseCodec.java:200)
at org.openqa.selenium.remote.codec.w3c.W3CHttpResponseCodec.decode(W3CHttpResponseCodec.java:133)
at org.openqa.selenium.remote.codec.w3c.W3CHttpResponseCodec.decode(W3CHttpResponseCodec.java:52)
at org.openqa.selenium.remote.HttpCommandExecutor.execute(HttpCommandExecutor.java:191)
at io.appium.java_client.remote.AppiumCommandExecutor.execute(AppiumCommandExecutor.java:250)
at org.openqa.selenium.remote.RemoteWebDriver.execute(RemoteWebDriver.java:518)
at org.openqa.selenium.remote.RemoteWebDriver.execute(RemoteWebDriver.java:591)
at io.appium.java_client.AppiumDriver.execute(AppiumDriver.java:313)
at io.appium.java_client.screenrecording.CanRecordScreen.startRecordingScreen(CanRecordScreen.java:48)
at com.qa.BaseTest.beforeMethod(BaseTest.java:109)
at java.base/jdk.internal.reflect.NativeMethodAccessorImpl.invoke0(Native Method)
at java.base/jdk.internal.reflect.NativeMethodAccessorImpl.invoke(NativeMethodAccessorImpl.java:64)
at java.base/jdk.internal.reflect.DelegatingMethodAccessorImpl.invoke(DelegatingMethodAccessorImpl.java:43)
at java.base/java.lang.reflect.Method.invoke(Method.java:564)
at org.testng.internal.invokers.MethodInvocationHelper.invokeMethod(MethodInvocationHelper.java:139)
at org.testng.internal.invokers.MethodInvocationHelper.invokeMethodConsideringTimeout(MethodInvocationHelper.java:69)
at org.testng.internal.invokers.ConfigInvoker.invokeConfigurationMethod(ConfigInvoker.java:390)
at org.testng.internal.invokers.ConfigInvoker.invokeConfigurations(ConfigInvoker.java:325)
at org.testng.internal.invokers.TestInvoker.runConfigMethods(TestInvoker.java:810)
at org.testng.internal.invokers.TestInvoker.invokeMethod(TestInvoker.java:577)
at org.testng.internal.invokers.TestInvoker.invokeTestMethod(TestInvoker.java:227)
at org.testng.internal.invokers.MethodRunner.runInSequence(MethodRunner.java:50)
at org.testng.internal.invokers.TestInvoker$MethodInvocationAgent.invoke(TestInvoker.java:957)
at org.testng.internal.invokers.TestInvoker.invokeTestMethods(TestInvoker.java:200)
at org.testng.internal.invokers.TestMethodWorker.invokeTestMethods(TestMethodWorker.java:148)
at org.testng.internal.invokers.TestMethodWorker.run(TestMethodWorker.java:128)
at java.base/java.util.ArrayList.forEach(ArrayList.java:1511)
at org.testng.TestRunner.privateRun(TestRunner.java:848)
at org.testng.TestRunner.run(TestRunner.java:621)
at org.testng.SuiteRunner.runTest(SuiteRunner.java:443)
at org.testng.SuiteRunner.runSequentially(SuiteRunner.java:437)
at org.testng.SuiteRunner.privateRun(SuiteRunner.java:397)
at org.testng.SuiteRunner.run(SuiteRunner.java:336)
at org.testng.SuiteRunnerWorker.runSuite(SuiteRunnerWorker.java:52)
at org.testng.SuiteRunnerWorker.run(SuiteRunnerWorker.java:95)
at org.testng.TestNG.runSuitesSequentially(TestNG.java:1280)
at org.testng.TestNG.runSuitesLocally(TestNG.java:1200)
at org.testng.TestNG.runSuites(TestNG.java:1114)
at org.testng.TestNG.run(TestNG.java:1082)
at org.apache.maven.surefire.testng.TestNGExecutor.run(TestNGExecutor.java:308)
at org.apache.maven.surefire.testng.TestNGXmlTestSuite.execute(TestNGXmlTestSuite.java:71)
at org.apache.maven.surefire.testng.TestNGProvider.invoke(TestNGProvider.java:113)
at org.apache.maven.surefire.booter.ForkedBooter.runSuitesInProcess(ForkedBooter.java:385)
at org.apache.maven.surefire.booter.ForkedBooter.execute(ForkedBooter.java:162)
at org.apache.maven.surefire.booter.ForkedBooter.run(ForkedBooter.java:507)
at org.apache.maven.surefire.booter.ForkedBooter.main(ForkedBooter.java:495)
]]>
            </full-stacktrace>
          </exception> <!-- org.openqa.selenium.WebDriverException -->
          <reporter-output>
          </reporter-output>
        </test-method> <!-- validateProductOnProductsPage -->
        <test-method is-config="true" signature="afterMethod()[pri:0, instance:com.qa.tests.ProductTests@682b2fa]" started-at="2023-08-16T14:29:42 IDT" name="afterMethod" finished-at="2023-08-16T14:29:42 IDT" duration-ms="0" status="SKIP">
          <reporter-output>
          </reporter-output>
        </test-method> <!-- afterMethod -->
        <test-method is-config="true" signature="afterClass()[pri:0, instance:com.qa.tests.ProductTests@682b2fa]" started-at="2023-08-16T14:29:42 IDT" name="afterClass" finished-at="2023-08-16T14:29:42 IDT" duration-ms="0" status="SKIP">
          <reporter-output>
          </reporter-output>
        </test-method> <!-- afterClass -->
      </class> <!-- com.qa.tests.ProductTests -->
    </test> <!-- Pixel_5 -->
  </suite> <!-- Suite -->
</testng-results>
