<?xml version="1.0" encoding="UTF-8"?>
<testng-results ignored="0" total="1" passed="1" failed="0" skipped="0">
  <reporter-output>
  </reporter-output>
  <suite started-at="2023-08-13T11:07:08 IDT" name="Suite" finished-at="2023-08-13T11:07:25 IDT" duration-ms="16526">
    <groups>
    </groups>
    <test started-at="2023-08-13T11:07:08 IDT" name="Test" finished-at="2023-08-13T11:07:25 IDT" duration-ms="16526">
      <class name="com.qa.tests.ProductTests">
        <test-method is-config="true" signature="beforeClass(java.lang.String,java.lang.String,java.lang.String,java.lang.String)[pri:0, instance:com.qa.tests.ProductTests@543295b0]" started-at="2023-08-13T11:07:08 IDT" name="beforeClass" finished-at="2023-08-13T11:07:13 IDT" duration-ms="4472" status="PASS">
          <params>
            <param index="0">
              <value>
                <![CDATA[true]]>
              </value>
            </param>
            <param index="1">
              <value>
                <![CDATA[Android]]>
              </value>
            </param>
            <param index="2">
              <value>
                <![CDATA[12]]>
              </value>
            </param>
            <param index="3">
              <value>
                <![CDATA[Pixel_5]]>
              </value>
            </param>
          </params>
          <reporter-output>
          </reporter-output>
        </test-method> <!-- beforeClass -->
        <test-method is-config="true" signature="beforeMethod(java.lang.reflect.Method)[pri:0, instance:com.qa.tests.ProductTests@543295b0]" started-at="2023-08-13T11:07:13 IDT" name="beforeMethod" finished-at="2023-08-13T11:07:13 IDT" duration-ms="273" status="PASS">
          <params>
            <param index="0">
              <value>
                <![CDATA[public void com.qa.tests.ProductTests.validateProductOnProductDetailsPage()]]>
              </value>
            </param>
          </params>
          <reporter-output>
          </reporter-output>
        </test-method> <!-- beforeMethod -->
        <test-method signature="validateProductOnProductDetailsPage()[pri:0, instance:com.qa.tests.ProductTests@543295b0]" started-at="2023-08-13T11:07:13 IDT" name="validateProductOnProductDetailsPage" finished-at="2023-08-13T11:07:25 IDT" duration-ms="11576" status="PASS">
          <reporter-output>
          </reporter-output>
        </test-method> <!-- validateProductOnProductDetailsPage -->
        <test-method is-config="true" signature="afterClass()[pri:0, instance:com.qa.tests.ProductTests@543295b0]" started-at="2023-08-13T11:07:25 IDT" name="afterClass" finished-at="2023-08-13T11:07:25 IDT" duration-ms="178" status="PASS">
          <reporter-output>
          </reporter-output>
        </test-method> <!-- afterClass -->
        <test-method is-config="true" signature="afterMethod()[pri:0, instance:com.qa.tests.ProductTests@543295b0]" started-at="2023-08-13T11:07:25 IDT" name="afterMethod" finished-at="2023-08-13T11:07:25 IDT" duration-ms="0" status="PASS">
          <reporter-output>
          </reporter-output>
        </test-method> <!-- afterMethod -->
      </class> <!-- com.qa.tests.ProductTests -->
    </test> <!-- Test -->
  </suite> <!-- Suite -->
</testng-results>
